2025-04-09 20:34:51,624 - INFO - Request from 127.0.0.1
2025-04-09 20:36:08,082 - INFO - Request from 127.0.0.1
2025-04-09 20:36:08,125 - INFO - Request from 127.0.0.1
2025-04-09 20:36:08,162 - INFO - Request from 127.0.0.1
2025-04-09 20:36:08,215 - INFO - Request from 127.0.0.1
2025-04-09 20:36:08,251 - INFO - Request from 127.0.0.1
2025-04-09 20:36:08,312 - INFO - Request from 127.0.0.1
2025-04-09 20:36:08,367 - INFO - Request from 127.0.0.1
2025-04-09 20:36:08,414 - INFO - Request from 127.0.0.1
2025-04-09 20:36:08,465 - INFO - Request from 127.0.0.1
2025-04-09 20:36:08,515 - INFO - Request from 127.0.0.1
2025-04-09 20:36:08,569 - WARNING - Too many requests from 127.0.0.1. Temporarily blocked.
2025-04-09 20:36:08,575 - WARNING - Blocked request from 127.0.0.1
2025-04-09 20:36:08,780 - WARNING - Blocked request from 127.0.0.1
2025-04-09 20:36:08,782 - WARNING - Blocked request from 127.0.0.1
2025-04-09 20:36:08,833 - WARNING - Blocked request from 127.0.0.1
2025-04-09 20:36:08,841 - WARNING - Blocked request from 127.0.0.1
2025-04-09 20:36:08,964 - WARNING - Blocked request from 127.0.0.1
2025-04-09 20:36:08,966 - WARNING - Blocked request from 127.0.0.1
2025-04-09 20:36:09,050 - WARNING - Blocked request from 127.0.0.1
2025-04-09 20:36:09,052 - WARNING - Blocked request from 127.0.0.1
2025-04-09 20:36:09,103 - WARNING - Blocked request from 127.0.0.1
2025-04-09 20:36:09,109 - WARNING - Blocked request from 127.0.0.1
2025-04-09 20:36:09,152 - WARNING - Blocked request from 127.0.0.1
2025-04-09 20:36:09,158 - WARNING - Blocked request from 127.0.0.1
2025-04-09 20:36:09,196 - WARNING - Blocked request from 127.0.0.1
2025-04-09 20:36:09,197 - WARNING - Blocked request from 127.0.0.1
2025-04-09 20:36:09,235 - WARNING - Blocked request from 127.0.0.1
2025-04-09 20:36:09,236 - WARNING - Blocked request from 127.0.0.1
2025-04-09 20:36:09,263 - WARNING - Blocked request from 127.0.0.1
2025-04-09 20:36:09,266 - WARNING - Blocked request from 127.0.0.1
2025-05-02 22:09:43,572 - INFO - 1 change detected
2025-05-02 22:09:43,923 - INFO - 1 change detected
2025-05-02 22:09:44,273 - INFO - 1 change detected
2025-05-02 22:09:44,624 - INFO - 1 change detected
2025-05-02 22:09:44,974 - INFO - 1 change detected
2025-05-02 22:09:45,324 - INFO - 1 change detected
2025-05-02 22:09:45,675 - INFO - 1 change detected
2025-05-02 22:09:46,025 - INFO - 1 change detected
2025-05-02 22:09:46,376 - INFO - 1 change detected
2025-05-02 22:09:46,726 - INFO - 1 change detected
2025-05-02 22:09:47,076 - INFO - 1 change detected
2025-05-02 22:09:47,427 - INFO - 1 change detected
2025-05-02 22:09:47,777 - INFO - 1 change detected
2025-05-02 22:09:48,128 - INFO - 1 change detected
2025-05-02 22:09:48,478 - INFO - 1 change detected
2025-05-02 22:09:48,828 - INFO - 1 change detected
2025-05-02 22:09:49,179 - INFO - 1 change detected
2025-05-02 22:09:49,529 - INFO - 1 change detected
2025-05-02 22:09:49,879 - INFO - 1 change detected
2025-05-02 22:09:50,230 - INFO - 1 change detected
2025-05-02 22:09:50,580 - INFO - 1 change detected
2025-05-02 22:09:50,930 - INFO - 1 change detected
2025-05-02 22:09:51,281 - INFO - 1 change detected
2025-05-02 22:09:51,631 - INFO - 1 change detected
2025-05-02 22:09:51,982 - INFO - 1 change detected
2025-05-02 22:09:52,332 - INFO - 1 change detected
2025-05-02 22:09:52,683 - INFO - 1 change detected
2025-05-02 22:09:53,034 - INFO - 1 change detected
2025-05-02 22:09:53,384 - INFO - 1 change detected
2025-05-02 22:09:53,734 - INFO - 1 change detected
2025-05-02 22:09:54,085 - INFO - 1 change detected
2025-05-02 22:09:54,435 - INFO - 1 change detected
2025-05-02 22:09:54,785 - INFO - 1 change detected
2025-05-02 22:09:55,136 - INFO - 1 change detected
2025-05-02 22:09:55,486 - INFO - 1 change detected
2025-05-02 22:09:55,837 - INFO - 1 change detected
2025-05-02 22:09:56,187 - INFO - 1 change detected
2025-05-02 22:09:56,537 - INFO - 1 change detected
2025-05-02 22:09:56,888 - INFO - 1 change detected
2025-05-02 22:09:57,238 - INFO - 1 change detected
2025-05-02 22:09:57,588 - INFO - 1 change detected
2025-05-02 22:09:57,939 - INFO - 1 change detected
2025-05-02 22:09:58,289 - INFO - 1 change detected
2025-05-02 22:09:58,639 - INFO - 1 change detected
2025-05-02 22:09:58,990 - INFO - 1 change detected
2025-05-02 22:09:59,340 - INFO - 1 change detected
2025-05-02 22:09:59,690 - INFO - 1 change detected
2025-05-02 22:10:00,041 - INFO - 1 change detected
2025-05-02 22:10:00,391 - INFO - 1 change detected
2025-05-02 22:10:00,741 - INFO - 1 change detected
2025-05-02 22:10:01,092 - INFO - 1 change detected
2025-05-02 22:10:01,442 - INFO - 1 change detected
2025-05-02 22:10:01,792 - INFO - 1 change detected
2025-05-02 22:10:02,143 - INFO - 1 change detected
2025-05-02 22:10:02,493 - INFO - 1 change detected
2025-05-02 22:10:02,843 - INFO - 1 change detected
2025-05-02 22:10:03,194 - INFO - 1 change detected
2025-05-02 22:10:03,544 - INFO - 1 change detected
2025-05-02 22:10:03,894 - INFO - 1 change detected
2025-05-02 22:10:04,245 - INFO - 1 change detected
2025-05-02 22:10:04,595 - INFO - 1 change detected
2025-05-02 22:10:04,945 - INFO - 1 change detected
2025-05-02 22:10:05,296 - INFO - 1 change detected
2025-05-02 22:10:05,646 - INFO - 1 change detected
2025-05-02 22:10:05,996 - INFO - 1 change detected
2025-05-02 22:10:06,347 - INFO - 1 change detected
2025-05-02 22:10:06,697 - INFO - 1 change detected
2025-05-02 22:10:07,047 - INFO - 1 change detected
2025-05-02 22:10:07,398 - INFO - 1 change detected
2025-05-02 22:10:07,748 - INFO - 1 change detected
2025-05-02 22:10:08,098 - INFO - 1 change detected
2025-05-02 22:10:08,449 - INFO - 1 change detected
2025-05-02 22:10:08,799 - INFO - 1 change detected
2025-05-02 22:10:09,149 - INFO - 1 change detected
2025-05-02 22:10:09,500 - INFO - 1 change detected
2025-05-02 22:10:09,850 - INFO - 1 change detected
2025-05-02 22:10:10,200 - INFO - 1 change detected
2025-05-02 22:10:10,551 - INFO - 1 change detected
2025-05-02 22:10:10,901 - INFO - 1 change detected
2025-05-02 22:10:11,251 - INFO - 1 change detected
2025-05-02 22:10:11,602 - INFO - 1 change detected
2025-05-02 22:10:11,952 - INFO - 1 change detected
2025-05-02 22:10:12,302 - INFO - 1 change detected
2025-05-02 22:10:12,653 - INFO - 1 change detected
2025-05-02 22:10:13,003 - INFO - 1 change detected
2025-05-02 22:10:13,353 - INFO - 1 change detected
2025-05-02 22:10:13,704 - INFO - 1 change detected
2025-05-02 22:10:14,054 - INFO - 1 change detected
2025-05-02 22:10:14,404 - INFO - 1 change detected
2025-05-02 22:10:14,754 - INFO - 1 change detected
2025-05-02 22:10:15,105 - INFO - 1 change detected
2025-05-02 22:10:15,455 - INFO - 1 change detected
2025-05-02 22:10:15,805 - INFO - 1 change detected
2025-05-02 22:10:16,156 - INFO - 1 change detected
2025-05-02 22:10:16,506 - INFO - 1 change detected
2025-05-02 22:10:16,856 - INFO - 1 change detected
2025-05-02 22:10:17,207 - INFO - 1 change detected
2025-05-02 22:10:17,557 - INFO - 1 change detected
2025-05-02 22:10:17,907 - INFO - 1 change detected
2025-05-02 22:10:18,258 - INFO - 1 change detected
2025-05-02 22:10:18,608 - INFO - 1 change detected
2025-05-02 22:10:18,958 - INFO - 1 change detected
2025-05-02 22:10:19,309 - INFO - 1 change detected
2025-05-02 22:10:19,659 - INFO - 1 change detected
2025-05-02 22:10:20,009 - INFO - 1 change detected
2025-05-02 22:10:20,360 - INFO - 1 change detected
2025-05-02 22:10:20,710 - INFO - 1 change detected
2025-05-02 22:10:21,061 - INFO - 1 change detected
2025-05-02 22:10:21,411 - INFO - 1 change detected
2025-05-02 22:10:21,761 - INFO - 1 change detected
2025-05-02 22:10:22,112 - INFO - 1 change detected
2025-05-02 22:10:22,462 - INFO - 1 change detected
2025-05-02 22:10:22,812 - INFO - 1 change detected
2025-05-02 22:10:23,163 - INFO - 1 change detected
2025-05-02 22:10:23,513 - INFO - 1 change detected
2025-05-02 22:10:23,863 - INFO - 1 change detected
2025-05-02 22:10:24,214 - INFO - 1 change detected
2025-05-02 22:10:24,564 - INFO - 1 change detected
2025-05-02 22:10:24,914 - INFO - 1 change detected
2025-05-02 22:10:25,265 - INFO - 1 change detected
2025-05-02 22:10:25,615 - INFO - 1 change detected
2025-05-02 22:10:25,965 - INFO - 1 change detected
2025-05-02 22:10:26,316 - INFO - 1 change detected
2025-05-02 22:10:26,666 - INFO - 1 change detected
2025-05-02 22:10:27,016 - INFO - 1 change detected
2025-05-02 22:10:27,367 - INFO - 1 change detected
2025-05-02 22:10:27,717 - INFO - 1 change detected
2025-05-02 22:10:28,067 - INFO - 1 change detected
2025-05-02 22:10:28,418 - INFO - 1 change detected
2025-05-02 22:10:28,768 - INFO - 1 change detected
2025-05-02 22:10:29,118 - INFO - 1 change detected
2025-05-02 22:10:29,469 - INFO - 1 change detected
2025-05-02 22:10:29,819 - INFO - 1 change detected
2025-05-02 22:10:30,169 - INFO - 1 change detected
2025-05-02 22:10:30,520 - INFO - 1 change detected
2025-05-02 22:10:30,870 - INFO - 1 change detected
2025-05-02 22:10:31,220 - INFO - 1 change detected
2025-05-02 22:10:31,571 - INFO - 1 change detected
2025-05-02 22:10:31,922 - INFO - 1 change detected
2025-05-02 22:10:32,272 - INFO - 1 change detected
2025-05-02 22:10:32,622 - INFO - 1 change detected
2025-05-02 22:10:32,973 - INFO - 1 change detected
2025-05-02 22:10:33,323 - INFO - 1 change detected
2025-05-02 22:10:33,673 - INFO - 1 change detected
2025-05-02 22:10:34,024 - INFO - 1 change detected
2025-05-02 22:10:34,374 - INFO - 1 change detected
2025-05-02 22:10:34,724 - INFO - 1 change detected
2025-05-02 22:10:35,075 - INFO - 1 change detected
2025-05-02 22:10:35,425 - INFO - 1 change detected
2025-05-02 22:10:35,775 - INFO - 1 change detected
2025-05-02 22:10:36,126 - INFO - 1 change detected
2025-05-02 22:10:36,476 - INFO - 1 change detected
2025-05-02 22:10:36,827 - INFO - 1 change detected
2025-05-02 22:10:37,177 - INFO - 1 change detected
2025-05-02 22:10:37,527 - INFO - 1 change detected
2025-05-02 22:10:37,878 - INFO - 1 change detected
2025-05-02 22:10:38,228 - INFO - 1 change detected
2025-05-02 22:10:38,578 - INFO - 1 change detected
2025-05-02 22:10:38,929 - INFO - 1 change detected
2025-05-02 22:10:39,279 - INFO - 1 change detected
2025-05-02 22:10:39,630 - INFO - 1 change detected
2025-05-02 22:10:39,980 - INFO - 1 change detected
2025-05-02 22:10:40,330 - INFO - 1 change detected
2025-05-02 22:10:40,681 - INFO - 1 change detected
2025-05-02 22:10:41,031 - INFO - 1 change detected
2025-05-02 22:10:41,381 - INFO - 1 change detected
2025-05-02 22:10:41,732 - INFO - 1 change detected
2025-05-02 22:10:42,082 - INFO - 1 change detected
2025-05-02 22:10:42,433 - INFO - 1 change detected
2025-05-02 22:10:42,783 - INFO - 1 change detected
2025-05-02 22:10:43,133 - INFO - 1 change detected
2025-05-02 22:10:43,484 - INFO - 1 change detected
2025-05-02 22:10:43,834 - INFO - 1 change detected
2025-05-02 22:10:44,184 - INFO - 1 change detected
2025-05-02 22:10:44,535 - INFO - 1 change detected
2025-05-02 22:10:44,885 - INFO - 1 change detected
2025-05-02 22:10:45,235 - INFO - 1 change detected
2025-05-02 22:10:45,586 - INFO - 1 change detected
2025-05-02 22:10:45,936 - INFO - 1 change detected
2025-05-02 22:10:46,287 - INFO - 1 change detected
2025-05-02 22:10:46,637 - INFO - 1 change detected
2025-05-02 22:10:46,988 - INFO - 1 change detected
2025-05-02 22:10:47,338 - INFO - 1 change detected
2025-05-02 22:10:47,688 - INFO - 1 change detected
2025-05-02 22:10:48,039 - INFO - 1 change detected
2025-05-02 22:10:48,389 - INFO - 1 change detected
2025-05-02 22:10:48,740 - INFO - 1 change detected
2025-05-02 22:10:49,090 - INFO - 1 change detected
2025-05-02 22:10:49,440 - INFO - 1 change detected
2025-05-02 22:10:49,791 - INFO - 1 change detected
2025-05-02 22:10:50,141 - INFO - 1 change detected
2025-05-02 22:10:50,491 - INFO - 1 change detected
2025-05-02 22:10:50,842 - INFO - 1 change detected
2025-05-02 22:10:51,192 - INFO - 1 change detected
2025-05-02 22:10:51,542 - INFO - 1 change detected
2025-05-02 22:10:51,893 - INFO - 1 change detected
2025-05-02 22:10:52,243 - INFO - 1 change detected
2025-05-02 22:10:52,594 - INFO - 1 change detected
2025-05-02 22:10:52,944 - INFO - 1 change detected
2025-05-02 22:10:53,294 - INFO - 1 change detected
2025-05-02 22:10:53,645 - INFO - 1 change detected
2025-05-02 22:10:53,995 - INFO - 1 change detected
2025-05-02 22:10:54,345 - INFO - 1 change detected
2025-05-02 22:10:54,696 - INFO - 1 change detected
2025-05-02 22:10:55,046 - INFO - 1 change detected
2025-05-02 22:10:55,396 - INFO - 1 change detected
2025-05-02 22:10:55,747 - INFO - 1 change detected
2025-05-02 22:10:56,097 - INFO - 1 change detected
2025-05-02 22:10:56,447 - INFO - 1 change detected
2025-05-02 22:10:56,798 - INFO - 1 change detected
2025-05-02 22:10:57,148 - INFO - 1 change detected
2025-05-02 22:10:57,498 - INFO - 1 change detected
2025-05-02 22:10:57,849 - INFO - 1 change detected
2025-05-02 22:10:58,199 - INFO - 1 change detected
2025-05-02 22:10:58,549 - INFO - 1 change detected
2025-05-02 22:10:58,900 - INFO - 1 change detected
2025-05-02 22:10:59,250 - INFO - 1 change detected
2025-05-02 22:10:59,600 - INFO - 1 change detected
2025-05-02 22:11:00,001 - INFO - 7 changes detected
2025-05-02 22:11:00,351 - INFO - 1 change detected
2025-05-02 22:11:00,701 - INFO - 1 change detected
2025-05-02 22:11:01,052 - INFO - 1 change detected
2025-05-02 22:11:01,402 - INFO - 1 change detected
2025-05-02 22:11:01,752 - INFO - 1 change detected
2025-05-02 22:11:02,103 - INFO - 1 change detected
2025-05-02 22:11:02,453 - INFO - 1 change detected
2025-05-02 22:11:02,804 - INFO - 1 change detected
2025-05-02 22:11:03,154 - INFO - 1 change detected
2025-05-02 22:11:03,504 - INFO - 1 change detected
2025-05-02 22:11:03,855 - INFO - 1 change detected
2025-05-02 22:11:04,205 - INFO - 1 change detected
2025-05-02 22:11:04,555 - INFO - 1 change detected
2025-05-02 22:11:04,906 - INFO - 1 change detected
2025-05-02 22:11:05,256 - INFO - 1 change detected
2025-05-02 22:11:05,606 - INFO - 1 change detected
2025-05-02 22:11:05,957 - INFO - 1 change detected
2025-05-02 22:11:06,307 - INFO - 1 change detected
2025-05-02 22:11:06,657 - INFO - 1 change detected
2025-05-02 22:11:07,008 - INFO - 1 change detected
2025-05-02 22:11:07,358 - INFO - 1 change detected
2025-05-02 22:11:07,709 - INFO - 1 change detected
2025-05-02 22:11:08,059 - INFO - 1 change detected
2025-05-02 22:11:08,409 - INFO - 1 change detected
2025-05-02 22:11:08,760 - INFO - 1 change detected
2025-05-02 22:11:09,110 - INFO - 1 change detected
2025-05-02 22:11:09,461 - INFO - 1 change detected
2025-05-02 22:11:09,811 - INFO - 1 change detected
2025-05-02 22:11:10,161 - INFO - 1 change detected
2025-05-02 22:11:10,512 - INFO - 1 change detected
2025-05-02 22:11:10,862 - INFO - 1 change detected
2025-05-02 22:11:11,212 - INFO - 1 change detected
2025-05-02 22:11:11,563 - INFO - 1 change detected
2025-05-02 22:11:11,913 - INFO - 1 change detected
2025-05-02 22:11:12,263 - INFO - 1 change detected
2025-05-02 22:11:12,614 - INFO - 1 change detected
2025-05-02 22:11:12,964 - INFO - 1 change detected
2025-05-02 22:11:13,314 - INFO - 1 change detected
2025-05-02 22:11:13,665 - INFO - 1 change detected
2025-05-02 22:11:14,015 - INFO - 1 change detected
2025-05-02 22:11:14,365 - INFO - 1 change detected
2025-05-02 22:11:14,716 - INFO - 1 change detected
2025-05-02 22:11:15,066 - INFO - 1 change detected
2025-05-02 22:11:15,416 - INFO - 1 change detected
2025-05-02 22:11:15,767 - INFO - 1 change detected
2025-05-02 22:11:16,117 - INFO - 1 change detected
2025-05-02 22:11:16,467 - INFO - 1 change detected
2025-05-02 22:11:16,818 - INFO - 1 change detected
2025-05-02 22:11:17,168 - INFO - 1 change detected
2025-05-02 22:11:17,518 - INFO - 1 change detected
2025-05-02 22:11:17,869 - INFO - 1 change detected
2025-05-02 22:11:18,219 - INFO - 1 change detected
2025-05-02 22:11:18,569 - INFO - 1 change detected
2025-05-02 22:11:18,920 - INFO - 1 change detected
2025-05-02 22:11:19,270 - INFO - 1 change detected
2025-05-02 22:11:19,620 - INFO - 1 change detected
2025-05-02 22:11:19,971 - INFO - 1 change detected
2025-05-02 22:11:20,321 - INFO - 1 change detected
2025-05-02 22:11:20,671 - INFO - 1 change detected
2025-05-02 22:11:21,022 - INFO - 1 change detected
2025-05-02 22:11:21,372 - INFO - 1 change detected
2025-05-02 22:11:21,722 - INFO - 1 change detected
2025-05-02 22:11:22,073 - INFO - 1 change detected
2025-05-02 22:11:22,423 - INFO - 1 change detected
2025-05-02 22:11:22,773 - INFO - 1 change detected
2025-05-02 22:11:23,124 - INFO - 1 change detected
2025-05-02 22:11:23,474 - INFO - 1 change detected
2025-05-02 22:11:23,824 - INFO - 1 change detected
2025-05-02 22:11:24,175 - INFO - 1 change detected
2025-05-02 22:11:24,525 - INFO - 1 change detected
2025-05-02 22:11:24,875 - INFO - 1 change detected
2025-05-02 22:11:25,226 - INFO - 1 change detected
2025-05-02 22:11:25,576 - INFO - 1 change detected
2025-05-02 22:11:25,926 - INFO - 1 change detected
2025-05-02 22:11:26,277 - INFO - 1 change detected
2025-05-02 22:11:26,627 - INFO - 1 change detected
2025-05-02 22:11:26,977 - INFO - 1 change detected
2025-05-02 22:11:27,328 - INFO - 1 change detected
2025-05-02 22:11:27,678 - INFO - 1 change detected
2025-05-02 22:11:28,028 - INFO - 1 change detected
2025-05-02 22:11:28,379 - INFO - 1 change detected
2025-05-02 22:11:28,729 - INFO - 1 change detected
2025-05-02 22:11:29,079 - INFO - 1 change detected
2025-05-02 22:11:29,430 - INFO - 1 change detected
2025-05-02 22:11:29,780 - INFO - 1 change detected
2025-05-02 22:11:30,130 - INFO - 1 change detected
2025-05-02 22:11:30,480 - INFO - 1 change detected
2025-05-02 22:11:30,831 - INFO - 1 change detected
2025-05-02 22:11:31,181 - INFO - 1 change detected
2025-05-02 22:11:31,532 - INFO - 1 change detected
2025-05-02 22:11:31,882 - INFO - 1 change detected
2025-05-02 22:11:32,232 - INFO - 1 change detected
2025-05-02 22:11:32,583 - INFO - 1 change detected
2025-05-02 22:11:32,933 - INFO - 1 change detected
2025-05-02 22:11:33,283 - INFO - 1 change detected
2025-05-02 22:11:33,634 - INFO - 1 change detected
2025-05-02 22:11:33,984 - INFO - 1 change detected
2025-05-02 22:11:34,334 - INFO - 1 change detected
2025-05-02 22:11:34,685 - INFO - 1 change detected
2025-05-02 22:11:35,035 - INFO - 1 change detected
2025-05-02 22:11:35,385 - INFO - 1 change detected
2025-05-02 22:11:35,736 - INFO - 1 change detected
2025-05-02 22:11:36,086 - INFO - 1 change detected
2025-05-02 22:11:36,436 - INFO - 1 change detected
2025-05-02 22:11:36,787 - INFO - 1 change detected
2025-05-02 22:11:37,137 - INFO - 1 change detected
2025-05-02 22:11:37,488 - INFO - 1 change detected
2025-05-02 22:11:37,838 - INFO - 1 change detected
2025-05-02 22:11:38,188 - INFO - 1 change detected
2025-05-02 22:11:38,539 - INFO - 1 change detected
2025-05-02 22:11:38,889 - INFO - 1 change detected
2025-05-02 22:11:39,239 - INFO - 1 change detected
2025-05-02 22:11:39,590 - INFO - 1 change detected
2025-05-02 22:11:39,940 - INFO - 1 change detected
2025-05-02 22:11:40,290 - INFO - 1 change detected
2025-05-02 22:11:40,641 - INFO - 1 change detected
2025-05-02 22:11:40,991 - INFO - 7 changes detected
2025-05-02 22:11:41,464 - INFO - 1 change detected
2025-05-02 22:11:41,815 - INFO - 1 change detected
2025-05-02 22:11:42,165 - INFO - 1 change detected
2025-05-02 22:11:42,515 - INFO - 1 change detected
2025-05-02 22:11:42,866 - INFO - 1 change detected
2025-05-02 22:11:43,216 - INFO - 1 change detected
2025-05-02 22:11:43,566 - INFO - 1 change detected
2025-05-02 22:11:43,917 - INFO - 1 change detected
2025-05-02 22:11:44,267 - INFO - 1 change detected
2025-05-02 22:11:44,617 - INFO - 1 change detected
2025-05-02 22:11:44,968 - INFO - 1 change detected
2025-05-02 22:11:45,318 - INFO - 1 change detected
2025-05-02 22:11:45,668 - INFO - 1 change detected
2025-05-02 22:11:46,019 - INFO - 1 change detected
2025-05-02 22:11:46,369 - INFO - 1 change detected
2025-05-02 22:11:46,720 - INFO - 1 change detected
2025-05-02 22:11:47,070 - INFO - 1 change detected
2025-05-02 22:11:47,420 - INFO - 1 change detected
2025-05-02 22:11:47,770 - INFO - 1 change detected
2025-05-02 22:11:48,121 - INFO - 1 change detected
2025-05-02 22:11:48,471 - INFO - 1 change detected
2025-05-02 22:11:48,821 - INFO - 1 change detected
2025-05-02 22:11:49,172 - INFO - 1 change detected
2025-05-02 22:11:49,522 - INFO - 1 change detected
2025-05-02 22:11:49,872 - INFO - 1 change detected
2025-05-02 22:11:50,223 - INFO - 1 change detected
2025-05-02 22:11:50,573 - INFO - 1 change detected
2025-05-02 22:11:50,923 - INFO - 1 change detected
2025-05-02 22:11:51,274 - INFO - 1 change detected
2025-05-02 22:11:51,624 - INFO - 1 change detected
2025-05-02 22:11:51,974 - INFO - 1 change detected
2025-05-02 22:11:52,325 - INFO - 1 change detected
2025-05-02 22:11:52,675 - INFO - 1 change detected
2025-05-02 22:11:53,025 - INFO - 1 change detected
2025-05-02 22:11:53,376 - INFO - 1 change detected
2025-05-02 22:11:53,726 - INFO - 1 change detected
2025-05-02 22:11:54,076 - INFO - 1 change detected
2025-05-02 22:11:54,427 - INFO - 1 change detected
2025-05-02 22:11:54,777 - INFO - 1 change detected
2025-05-02 22:11:55,127 - INFO - 1 change detected
2025-05-02 22:11:55,478 - INFO - 1 change detected
2025-05-02 22:11:55,828 - INFO - 1 change detected
2025-05-02 22:11:56,178 - INFO - 1 change detected
2025-05-02 22:11:56,529 - INFO - 1 change detected
2025-05-02 22:11:56,879 - INFO - 1 change detected
2025-05-02 22:11:57,229 - INFO - 1 change detected
2025-05-02 22:11:57,580 - INFO - 1 change detected
2025-05-02 22:11:57,930 - INFO - 1 change detected
2025-05-02 22:11:58,281 - INFO - 1 change detected
2025-05-02 22:11:58,631 - INFO - 1 change detected
2025-05-02 22:11:58,981 - INFO - 1 change detected
2025-05-02 22:11:59,331 - INFO - 1 change detected
2025-05-02 22:11:59,682 - INFO - 1 change detected
2025-05-02 22:12:00,032 - INFO - 1 change detected
2025-05-02 22:12:00,382 - INFO - 1 change detected
2025-05-02 22:12:00,733 - INFO - 1 change detected
2025-05-02 22:12:01,083 - INFO - 1 change detected
2025-05-02 22:12:01,433 - INFO - 1 change detected
2025-05-02 22:12:01,784 - INFO - 1 change detected
2025-05-02 22:12:02,134 - INFO - 1 change detected
2025-05-02 22:12:02,484 - INFO - 1 change detected
2025-05-02 22:12:02,835 - INFO - 1 change detected
2025-05-02 22:12:03,185 - INFO - 1 change detected
2025-05-02 22:12:03,535 - INFO - 1 change detected
2025-05-02 22:12:03,886 - INFO - 1 change detected
2025-05-02 22:12:04,236 - INFO - 1 change detected
2025-05-02 22:12:04,587 - INFO - 1 change detected
2025-05-02 22:12:04,937 - INFO - 1 change detected
2025-05-02 22:12:05,287 - INFO - 1 change detected
2025-05-02 22:12:05,637 - INFO - 1 change detected
2025-05-02 22:12:05,988 - INFO - 1 change detected
2025-05-02 22:12:06,338 - INFO - 1 change detected
2025-05-02 22:12:06,688 - INFO - 1 change detected
2025-05-02 22:12:07,039 - INFO - 1 change detected
2025-05-02 22:12:07,389 - INFO - 1 change detected
2025-05-02 22:12:07,739 - INFO - 1 change detected
2025-05-02 22:12:08,090 - INFO - 1 change detected
2025-05-02 22:12:08,440 - INFO - 1 change detected
2025-05-02 22:12:08,790 - INFO - 1 change detected
2025-05-02 22:12:09,141 - INFO - 1 change detected
2025-05-02 22:12:09,491 - INFO - 1 change detected
2025-05-02 22:12:09,841 - INFO - 1 change detected
2025-05-02 22:12:10,192 - INFO - 1 change detected
2025-05-02 22:12:10,542 - INFO - 1 change detected
2025-05-02 22:12:10,892 - INFO - 1 change detected
2025-05-02 22:12:11,242 - INFO - 1 change detected
2025-05-02 22:12:11,593 - INFO - 1 change detected
2025-05-02 22:12:11,943 - INFO - 1 change detected
2025-05-02 22:12:12,293 - INFO - 1 change detected
2025-05-02 22:12:12,644 - INFO - 1 change detected
2025-05-02 22:12:12,994 - INFO - 1 change detected
2025-05-02 22:12:13,344 - INFO - 1 change detected
2025-05-02 22:12:13,695 - INFO - 1 change detected
2025-05-02 22:12:14,045 - INFO - 1 change detected
2025-05-02 22:12:14,395 - INFO - 1 change detected
2025-05-02 22:12:14,746 - INFO - 1 change detected
2025-05-02 22:12:15,096 - INFO - 1 change detected
2025-05-02 22:12:15,446 - INFO - 1 change detected
2025-05-02 22:12:15,797 - INFO - 1 change detected
2025-05-02 22:12:16,147 - INFO - 1 change detected
2025-05-02 22:12:16,497 - INFO - 1 change detected
2025-05-02 22:12:16,848 - INFO - 1 change detected
2025-05-02 22:12:17,198 - INFO - 1 change detected
2025-05-02 22:12:17,548 - INFO - 1 change detected
2025-05-02 22:12:17,899 - INFO - 1 change detected
2025-05-02 22:12:18,249 - INFO - 1 change detected
2025-05-02 22:12:18,599 - INFO - 1 change detected
2025-05-02 22:12:18,950 - INFO - 1 change detected
2025-05-02 22:12:19,300 - INFO - 1 change detected
2025-05-02 22:12:19,650 - INFO - 1 change detected
2025-05-02 22:12:20,001 - INFO - 1 change detected
2025-05-02 22:12:20,351 - INFO - 1 change detected
2025-05-02 22:12:20,701 - INFO - 1 change detected
2025-05-02 22:12:21,052 - INFO - 1 change detected
2025-05-02 22:12:21,402 - INFO - 1 change detected
2025-05-02 22:12:21,752 - INFO - 1 change detected
2025-05-02 22:12:22,102 - INFO - 1 change detected
2025-05-02 22:12:22,453 - INFO - 1 change detected
2025-05-02 22:12:22,803 - INFO - 1 change detected
2025-05-02 22:12:23,153 - INFO - 1 change detected
2025-05-02 22:12:23,504 - INFO - 1 change detected
2025-05-02 22:12:23,854 - INFO - 1 change detected
2025-05-02 22:12:24,204 - INFO - 1 change detected
2025-05-02 22:12:24,555 - INFO - 1 change detected
2025-05-02 22:12:24,905 - INFO - 1 change detected
2025-05-02 22:12:25,255 - INFO - 1 change detected
2025-05-02 22:12:25,606 - INFO - 1 change detected
2025-05-02 22:12:25,956 - INFO - 1 change detected
2025-05-02 22:12:26,306 - INFO - 1 change detected
2025-05-02 22:12:26,657 - INFO - 1 change detected
2025-05-02 22:12:27,007 - INFO - 1 change detected
2025-05-02 22:12:27,358 - INFO - 1 change detected
2025-05-02 22:12:27,708 - INFO - 1 change detected
2025-05-02 22:12:28,058 - INFO - 1 change detected
2025-05-02 22:12:28,409 - INFO - 1 change detected
2025-05-02 22:12:28,759 - INFO - 1 change detected
2025-05-02 22:12:29,110 - INFO - 1 change detected
2025-05-02 22:12:29,460 - INFO - 1 change detected
2025-05-02 22:12:29,811 - INFO - 1 change detected
2025-05-02 22:12:30,161 - INFO - 1 change detected
2025-05-02 22:12:30,512 - INFO - 1 change detected
2025-05-02 22:12:30,862 - INFO - 1 change detected
2025-05-02 22:12:31,212 - INFO - 1 change detected
2025-05-02 22:12:31,563 - INFO - 1 change detected
2025-05-02 22:12:31,913 - INFO - 1 change detected
2025-05-02 22:12:32,263 - INFO - 1 change detected
2025-05-02 22:12:32,614 - INFO - 1 change detected
2025-05-02 22:12:32,964 - INFO - 1 change detected
2025-05-02 22:12:33,315 - INFO - 1 change detected
2025-05-02 22:12:33,665 - INFO - 1 change detected
2025-05-02 22:12:34,015 - INFO - 1 change detected
2025-05-02 22:12:34,366 - INFO - 1 change detected
2025-05-02 22:12:34,716 - INFO - 1 change detected
2025-05-02 22:12:35,066 - INFO - 1 change detected
2025-05-02 22:12:35,417 - INFO - 1 change detected
2025-05-02 22:12:35,767 - INFO - 1 change detected
2025-05-02 22:12:36,117 - INFO - 1 change detected
2025-05-02 22:12:36,468 - INFO - 1 change detected
2025-05-02 22:12:36,818 - INFO - 1 change detected
2025-05-02 22:12:37,168 - INFO - 1 change detected
2025-05-02 22:12:37,519 - INFO - 1 change detected
2025-05-02 22:12:37,869 - INFO - 1 change detected
2025-05-02 22:12:38,219 - INFO - 1 change detected
2025-05-02 22:12:38,570 - INFO - 1 change detected
2025-05-02 22:12:38,920 - INFO - 1 change detected
2025-05-02 22:12:39,271 - INFO - 1 change detected
2025-05-02 22:12:39,621 - INFO - 1 change detected
2025-05-02 22:12:39,971 - INFO - 1 change detected
2025-05-02 22:12:40,322 - INFO - 1 change detected
2025-05-02 22:12:40,672 - INFO - 1 change detected
2025-05-02 22:12:41,022 - INFO - 1 change detected
2025-05-02 22:12:41,373 - INFO - 1 change detected
2025-05-02 22:12:41,723 - INFO - 1 change detected
2025-05-02 22:12:42,074 - INFO - 1 change detected
2025-05-02 22:12:42,424 - INFO - 1 change detected
2025-05-02 22:12:42,774 - INFO - 1 change detected
2025-05-02 22:12:43,125 - INFO - 1 change detected
2025-05-02 22:12:43,475 - INFO - 1 change detected
2025-05-02 22:12:43,825 - INFO - 1 change detected
2025-05-02 22:12:44,176 - INFO - 7 changes detected
2025-05-02 22:12:44,706 - INFO - 4 changes detected
2025-05-02 22:12:45,057 - INFO - 1 change detected
2025-05-02 22:12:45,407 - INFO - 1 change detected
2025-05-02 22:12:45,757 - INFO - 1 change detected
2025-05-02 22:12:46,108 - INFO - 1 change detected
2025-05-02 22:12:46,458 - INFO - 1 change detected
2025-05-02 22:12:46,808 - INFO - 1 change detected
2025-05-02 22:12:47,159 - INFO - 1 change detected
2025-05-02 22:12:47,509 - INFO - 1 change detected
2025-05-02 22:12:47,860 - INFO - 1 change detected
2025-05-02 22:12:48,210 - INFO - 1 change detected
2025-05-02 22:12:48,560 - INFO - 1 change detected
2025-05-02 22:12:48,911 - INFO - 1 change detected
2025-05-02 22:12:49,261 - INFO - 1 change detected
2025-05-02 22:12:49,611 - INFO - 1 change detected
2025-05-02 22:12:49,962 - INFO - 1 change detected
2025-05-02 22:12:50,312 - INFO - 1 change detected
2025-05-02 22:12:50,662 - INFO - 1 change detected
2025-05-02 22:12:51,013 - INFO - 1 change detected
2025-05-02 22:12:51,363 - INFO - 1 change detected
2025-05-02 22:12:51,713 - INFO - 1 change detected
2025-05-02 22:12:52,064 - INFO - 1 change detected
2025-05-02 22:12:52,414 - INFO - 1 change detected
2025-05-02 22:12:52,765 - INFO - 1 change detected
2025-05-02 22:12:53,115 - INFO - 1 change detected
2025-05-02 22:12:53,465 - INFO - 1 change detected
2025-05-02 22:12:53,816 - INFO - 1 change detected
2025-05-02 22:12:54,166 - INFO - 1 change detected
2025-05-02 22:12:54,517 - INFO - 1 change detected
2025-05-02 22:12:54,867 - INFO - 1 change detected
2025-05-02 22:12:55,217 - INFO - 1 change detected
2025-05-02 22:12:55,568 - INFO - 1 change detected
2025-05-02 22:12:55,918 - INFO - 1 change detected
2025-05-02 22:12:56,268 - INFO - 1 change detected
2025-05-02 22:12:56,619 - INFO - 1 change detected
2025-05-02 22:12:56,969 - INFO - 1 change detected
2025-05-02 22:12:57,319 - INFO - 1 change detected
2025-05-02 22:12:57,670 - INFO - 1 change detected
2025-05-02 22:12:58,020 - INFO - 1 change detected
2025-05-02 22:12:58,371 - INFO - 1 change detected
2025-05-02 22:12:58,721 - INFO - 1 change detected
2025-05-02 22:12:59,071 - INFO - 1 change detected
2025-05-02 22:12:59,422 - INFO - 1 change detected
2025-05-02 22:12:59,772 - INFO - 1 change detected
2025-05-02 22:13:00,122 - INFO - 1 change detected
2025-05-02 22:13:00,473 - INFO - 1 change detected
2025-05-02 22:13:00,823 - INFO - 1 change detected
2025-05-02 22:13:01,174 - INFO - 1 change detected
2025-05-02 22:13:01,524 - INFO - 1 change detected
2025-05-02 22:13:01,874 - INFO - 1 change detected
2025-05-02 22:13:02,225 - INFO - 1 change detected
2025-05-02 22:13:02,575 - INFO - 1 change detected
2025-05-02 22:13:02,926 - INFO - 1 change detected
2025-05-02 22:13:03,276 - INFO - 1 change detected
2025-05-02 22:13:03,626 - INFO - 1 change detected
2025-05-02 22:13:03,977 - INFO - 1 change detected
2025-05-02 22:13:04,327 - INFO - 1 change detected
2025-05-02 22:13:04,677 - INFO - 1 change detected
2025-05-02 22:13:05,028 - INFO - 1 change detected
2025-05-02 22:13:05,378 - INFO - 7 changes detected
2025-05-02 22:13:05,888 - INFO - 4 changes detected
2025-05-02 22:13:06,239 - INFO - 1 change detected
2025-05-02 22:13:06,589 - INFO - 1 change detected
2025-05-02 22:13:06,939 - INFO - 1 change detected
2025-05-02 22:13:07,290 - INFO - 1 change detected
2025-05-02 22:13:07,640 - INFO - 1 change detected
2025-05-02 22:13:07,990 - INFO - 1 change detected
2025-05-02 22:13:08,341 - INFO - 1 change detected
2025-05-02 22:13:08,691 - INFO - 1 change detected
2025-05-02 22:13:09,042 - INFO - 1 change detected
2025-05-02 22:13:09,392 - INFO - 1 change detected
2025-05-02 22:13:09,742 - INFO - 1 change detected
2025-05-02 22:13:10,093 - INFO - 1 change detected
2025-05-02 22:13:10,443 - INFO - 1 change detected
2025-05-02 22:13:10,793 - INFO - 1 change detected
2025-05-02 22:13:11,144 - INFO - 1 change detected
2025-05-02 22:13:11,494 - INFO - 1 change detected
2025-05-02 22:13:11,844 - INFO - 1 change detected
2025-05-02 22:13:12,195 - INFO - 1 change detected
2025-05-02 22:13:12,545 - INFO - 1 change detected
2025-05-02 22:13:12,895 - INFO - 1 change detected
2025-05-02 22:13:13,246 - INFO - 1 change detected
2025-05-02 22:13:13,596 - INFO - 1 change detected
2025-05-02 22:13:13,947 - INFO - 1 change detected
2025-05-02 22:13:14,297 - INFO - 1 change detected
2025-05-02 22:13:14,647 - INFO - 1 change detected
2025-05-02 22:13:14,998 - INFO - 1 change detected
2025-05-02 22:13:15,348 - INFO - 1 change detected
2025-05-02 22:13:15,698 - INFO - 1 change detected
2025-05-02 22:13:16,049 - INFO - 1 change detected
2025-05-02 22:13:16,399 - INFO - 1 change detected
2025-05-02 22:13:16,749 - INFO - 1 change detected
2025-05-02 22:13:17,100 - INFO - 1 change detected
2025-05-02 22:13:17,450 - INFO - 1 change detected
2025-05-02 22:13:17,800 - INFO - 1 change detected
2025-05-02 22:13:18,151 - INFO - 1 change detected
2025-05-02 22:13:18,501 - INFO - 1 change detected
2025-05-02 22:13:18,851 - INFO - 1 change detected
2025-05-02 22:13:19,202 - INFO - 1 change detected
2025-05-02 22:13:19,552 - INFO - 1 change detected
2025-05-02 22:13:19,902 - INFO - 1 change detected
2025-05-02 22:13:20,252 - INFO - 1 change detected
2025-05-02 22:13:20,603 - INFO - 1 change detected
2025-05-02 22:13:20,953 - INFO - 1 change detected
2025-05-02 22:13:21,303 - INFO - 1 change detected
2025-05-02 22:13:21,654 - INFO - 1 change detected
2025-05-02 22:13:22,004 - INFO - 1 change detected
2025-05-02 22:13:22,354 - INFO - 1 change detected
2025-05-02 22:13:22,705 - INFO - 1 change detected
2025-05-02 22:13:23,055 - INFO - 1 change detected
2025-05-02 22:13:23,405 - INFO - 1 change detected
2025-05-02 22:13:23,756 - INFO - 1 change detected
2025-05-02 22:13:24,106 - INFO - 1 change detected
2025-05-02 22:13:24,456 - INFO - 1 change detected
2025-05-02 22:13:24,807 - INFO - 1 change detected
2025-05-02 22:13:25,157 - INFO - 1 change detected
2025-05-02 22:13:25,507 - INFO - 1 change detected
2025-05-02 22:13:25,858 - INFO - 1 change detected
2025-05-02 22:13:26,208 - INFO - 1 change detected
2025-05-02 22:13:26,559 - INFO - 1 change detected
2025-05-02 22:13:26,909 - INFO - 1 change detected
2025-05-02 22:13:27,259 - INFO - 1 change detected
2025-05-02 22:13:27,610 - INFO - 1 change detected
2025-05-02 22:13:27,960 - INFO - 1 change detected
2025-05-02 22:13:28,310 - INFO - 1 change detected
2025-05-02 22:13:28,661 - INFO - 1 change detected
2025-05-02 22:13:29,011 - INFO - 1 change detected
2025-05-02 22:13:29,361 - INFO - 1 change detected
2025-05-02 22:13:29,712 - INFO - 1 change detected
2025-05-02 22:13:30,062 - INFO - 1 change detected
2025-05-02 22:13:30,412 - INFO - 1 change detected
2025-05-02 22:13:30,763 - INFO - 1 change detected
2025-05-02 22:13:31,113 - INFO - 1 change detected
2025-05-02 22:13:31,463 - INFO - 1 change detected
2025-05-02 22:13:31,814 - INFO - 1 change detected
2025-05-02 22:13:32,164 - INFO - 1 change detected
2025-05-02 22:13:32,514 - INFO - 1 change detected
2025-05-02 22:13:32,865 - INFO - 1 change detected
2025-05-02 22:13:33,215 - INFO - 1 change detected
2025-05-02 22:13:33,565 - INFO - 1 change detected
2025-05-02 22:13:33,916 - INFO - 1 change detected
2025-05-02 22:13:34,266 - INFO - 1 change detected
2025-05-02 22:13:34,617 - INFO - 1 change detected
2025-05-02 22:13:34,967 - INFO - 1 change detected
2025-05-02 22:13:35,317 - INFO - 1 change detected
2025-05-02 22:13:35,668 - INFO - 1 change detected
2025-05-02 22:13:36,018 - INFO - 1 change detected
2025-05-02 22:13:36,368 - INFO - 1 change detected
2025-05-02 22:13:36,719 - INFO - 1 change detected
2025-05-02 22:13:37,069 - INFO - 1 change detected
2025-05-02 22:13:37,419 - INFO - 1 change detected
2025-05-02 22:13:37,770 - INFO - 1 change detected
2025-05-02 22:13:38,120 - INFO - 1 change detected
2025-05-02 22:13:38,470 - INFO - 1 change detected
2025-05-02 22:13:38,821 - INFO - 1 change detected
2025-05-02 22:13:39,171 - INFO - 1 change detected
2025-05-02 22:13:39,522 - INFO - 1 change detected
2025-05-02 22:13:39,872 - INFO - 1 change detected
2025-05-02 22:13:40,223 - INFO - 1 change detected
2025-05-02 22:13:40,573 - INFO - 1 change detected
2025-05-02 22:13:40,923 - INFO - 1 change detected
2025-05-02 22:13:41,274 - INFO - 1 change detected
2025-05-02 22:13:41,624 - INFO - 1 change detected
2025-05-02 22:13:41,974 - INFO - 1 change detected
2025-05-02 22:13:42,325 - INFO - 1 change detected
2025-05-02 22:13:42,675 - INFO - 1 change detected
2025-05-02 22:13:43,025 - INFO - 1 change detected
2025-05-02 22:13:43,376 - INFO - 1 change detected
2025-05-02 22:13:43,726 - INFO - 1 change detected
2025-05-02 22:13:44,077 - INFO - 1 change detected
2025-05-02 22:13:44,427 - INFO - 1 change detected
2025-05-02 22:13:44,777 - INFO - 1 change detected
2025-05-02 22:13:45,128 - INFO - 1 change detected
2025-05-02 22:13:45,478 - INFO - 1 change detected
2025-05-02 22:13:45,828 - INFO - 1 change detected
2025-05-02 22:13:46,179 - INFO - 1 change detected
2025-05-02 22:13:46,529 - INFO - 1 change detected
2025-05-02 22:13:46,880 - INFO - 1 change detected
2025-05-02 22:13:47,230 - INFO - 1 change detected
2025-05-02 22:13:47,580 - INFO - 1 change detected
2025-05-02 22:13:47,931 - INFO - 1 change detected
2025-05-02 22:13:48,281 - INFO - 1 change detected
2025-05-02 22:13:48,631 - INFO - 1 change detected
2025-05-02 22:13:48,982 - INFO - 1 change detected
2025-05-02 22:13:49,332 - INFO - 1 change detected
2025-05-02 22:13:49,682 - INFO - 1 change detected
2025-05-02 22:13:50,033 - INFO - 1 change detected
2025-05-02 22:13:50,383 - INFO - 1 change detected
2025-05-02 22:13:50,733 - INFO - 1 change detected
2025-05-02 22:13:51,084 - INFO - 1 change detected
2025-05-02 22:13:51,434 - INFO - 1 change detected
2025-05-02 22:13:51,784 - INFO - 1 change detected
2025-05-02 22:13:52,135 - INFO - 1 change detected
2025-05-02 22:13:52,485 - INFO - 1 change detected
2025-05-02 22:13:52,835 - INFO - 1 change detected
2025-05-02 22:13:53,186 - INFO - 1 change detected
2025-05-02 22:13:53,536 - INFO - 1 change detected
2025-05-02 22:13:53,887 - INFO - 1 change detected
2025-05-02 22:13:54,237 - INFO - 1 change detected
2025-05-02 22:13:54,587 - INFO - 1 change detected
